<?xml version="1.0" encoding="UTF-8"?>
<!-- Generated by org.testng.reporters.JUnitReportReporter -->
<testsuite hostname="priyaranjan" failures="0" tests="1" name="test.loginctowlogout" time="18.997" errors="0" timestamp="2022-04-25T23:37:35 IST" skipped="0">
  <testcase classname="test.loginctowlogout" name="lctowl" time="18.997"/>
  <system-out/>
</testsuite> <!-- test.loginctowlogout -->
