<?xml version="1.0" encoding="UTF-8"?>
<!-- Generated by org.testng.reporters.JUnitReportReporter -->
<testsuite hostname="priyaranjan" failures="0" tests="1" name="test.ActitimeLoginLogout" time="7.158" errors="0" timestamp="2022-04-25T23:25:04 IST" skipped="0">
  <testcase classname="test.ActitimeLoginLogout" name="login" time="7.158"/>
  <system-out>
    <![CDATA[test method is executed]]>
  </system-out>
</testsuite> <!-- test.ActitimeLoginLogout -->
