<?xml version="1.0" encoding="UTF-8"?>
<!-- Generated by org.testng.reporters.JUnitReportReporter -->
<testsuite hostname="priyaranjan" failures="0" tests="1" name="test.acticreateclogout" time="14.814" errors="0" timestamp="2022-04-25T23:25:04 IST" skipped="0">
  <testcase classname="test.acticreateclogout" name="lccl" time="14.814"/>
  <system-out/>
</testsuite> <!-- test.acticreateclogout -->
